{
  "RSpec": {
    "coverage": {
      "/Users/rachelgriffiths/Projects/tech-tests/wk-10/bank/spec/bank_account_spec.rb": [
        1,
        null,
        1,
        null,
        2,
        2,
        2,
        null,
        1,
        1,
        1,
        1,
        1,
        null,
        1,
        null,
        null,
        null
      ],
      "/Users/rachelgriffiths/Projects/tech-tests/wk-10/bank/lib/bank_account.rb": [
        1,
        1,
        null,
        1,
        null,
        1,
        null,
        1,
        null,
        2,
        2,
        null,
        null,
        1,
        2,
        null,
        null
      ],
      "/Users/rachelgriffiths/Projects/tech-tests/wk-10/bank/lib/bank_statement.rb": [
        1,
        null,
        1,
        2,
        null,
        null,
        1,
        null,
        1,
        2,
        6,
        null,
        null,
        null,
        1,
        2,
        6,
        null,
        2,
        null,
        null,
        1,
        2,
        null,
        null
      ],
      "/Users/rachelgriffiths/Projects/tech-tests/wk-10/bank/lib/bank_balance.rb": [
        1,
        null,
        1,
        null,
        1,
        null,
        1,
        null,
        1,
        6,
        6,
        6,
        null,
        null,
        1,
        7,
        null,
        7,
        7,
        7,
        null,
        null,
        1,
        4,
        null,
        3,
        3,
        3,
        3,
        null,
        null,
        1,
        null,
        1,
        10,
        null,
        null
      ],
      "/Users/rachelgriffiths/Projects/tech-tests/wk-10/bank/lib/bank_transaction.rb": [
        1,
        null,
        1,
        null,
        1,
        5,
        5,
        null,
        null,
        1,
        4,
        4,
        4,
        4,
        null,
        null,
        1,
        2,
        2,
        2,
        2,
        null,
        null
      ],
      "/Users/rachelgriffiths/Projects/tech-tests/wk-10/bank/spec/bank_balance_spec.rb": [
        1,
        null,
        1,
        null,
        6,
        6,
        null,
        6,
        null,
        2,
        null,
        1,
        12,
        5,
        5,
        null,
        null,
        1,
        null,
        1,
        1,
        null,
        1,
        null,
        null,
        1,
        1,
        null,
        1,
        1,
        null,
        1,
        null,
        null,
        1,
        2,
        null,
        null,
        null,
        null,
        1,
        null,
        1,
        1,
        1,
        null,
        null,
        null,
        1,
        null,
        1,
        1,
        1,
        1,
        null,
        null,
        1,
        1,
        1,
        null,
        null,
        null,
        1,
        null,
        1,
        1,
        1,
        null,
        null,
        null,
        1,
        null,
        1,
        null,
        1,
        1,
        null,
        null,
        null,
        1,
        null,
        1,
        1,
        1,
        1,
        null,
        null,
        null
      ],
      "/Users/rachelgriffiths/Projects/tech-tests/wk-10/bank/spec/bank_statement_spec.rb": [
        1,
        null,
        1,
        null,
        1,
        1,
        null,
        null,
        null,
        null,
        null,
        null,
        null,
        null,
        1,
        1,
        null,
        1,
        2,
        null,
        null,
        null,
        null,
        null
      ],
      "/Users/rachelgriffiths/Projects/tech-tests/wk-10/bank/spec/bank_transaction_spec.rb": [
        1,
        null,
        1,
        null,
        3,
        null,
        1,
        2,
        2,
        null,
        null,
        1,
        2,
        null,
        null,
        1,
        1,
        1,
        1,
        1,
        1,
        null,
        null,
        null,
        1,
        1,
        1,
        null,
        1,
        1,
        1,
        1,
        null,
        null,
        null
      ],
      "/Users/rachelgriffiths/Projects/tech-tests/wk-10/bank/spec/features/bank_account_holder_interactions_spec.rb": [
        1,
        null,
        1,
        null,
        1,
        1,
        null,
        1,
        1,
        null,
        1,
        1,
        null,
        1,
        1,
        null,
        1,
        null,
        2,
        null,
        null
      ]
    },
    "timestamp": 1564749899
  }
}
